Offset(P)          Name                PID   PPID PDB                Time created                   Time exited                   
------------------ ---------------- ------ ------ ------------------ ------------------------------ ------------------------------
0x00000000043b4900 csrss.exe           356    344 0x0000000108261000 2015-10-08 20:32:10 UTC+0000                                 
0x000000000485a080 csrss.exe           408    400 0x0000000001e57000 2015-10-08 20:32:11 UTC+0000                                 
0x00000000048b0080 wininit.exe         416    344 0x0000000001a43000 2015-10-08 20:32:11 UTC+0000                                 
0x0000000007cca500 w3wp.exe          13088  13308 0x0000000063217000 2015-10-09 05:46:21 UTC+0000                                 
0x0000000014ace900 Microsoft.Exch     5564    500 0x000000000e391000 2015-10-08 21:16:08 UTC+0000                                 
0x0000000014bf4900 UMWorkerProces     6944   7716 0x0000000221ebe000 2015-10-08 21:21:05 UTC+0000                                 
0x0000000014c18900 iexplore.exe      14372   2944 0x000000016d80b000 2015-10-09 02:27:37 UTC+0000                                 
0x000000001c4c2080 cmd.exe           17468   5492 0x000000022d61b000 2015-10-09 12:23:10 UTC+0000                                 
0x000000001c82b080 svchost.exe        6408    500 0x000000006a3cb000 2015-10-09 12:24:25 UTC+0000                                 
0x000000001ce371c0 w3wp.exe          11632  13308 0x000000012fb12000 2015-10-09 05:46:20 UTC+0000                                 
0x000000001f89b380 Microsoft.Exch     8536   9044 0x000000017e5ce000 2015-10-08 21:22:19 UTC+0000                                 
0x000000001f9f4080 MSExchangeTran     5192    500 0x000000015a401000 2015-10-08 21:21:00 UTC+0000                                 
0x000000001fd0a080 ForefrontActiv     4200    576 0x00000001e6a29000 2015-10-08 21:05:43 UTC+0000                                 
0x0000000022c87900 chrome.exe         5840  14292 0x00000000105c9000 2015-10-09 04:39:48 UTC+0000                                 
0x0000000022cc2900 w3wp.exe          10656  13308 0x0000000190fff000 2015-10-09 05:46:12 UTC+0000                                 
0x0000000022cd7900 conhost.exe        7376  13964 0x00000001b2170000 2015-10-08 21:29:07 UTC+0000                                 
0x0000000022d58380 Microsoft.Exch     9452    500 0x000000013255c000 2015-10-08 21:23:57 UTC+0000                                 
0x000000002ee69900 w3wp.exe           9680  13308 0x0000000049f0d000 2015-10-09 05:46:15 UTC+0000                                 
0x0000000030519900 mmc.exe            9720   2944 0x00000001f63e5000 2015-10-09 05:44:17 UTC+0000                                 
0x0000000030629900 conhost.exe        7524   2332 0x000000003fdbb000 2015-10-09 02:52:00 UTC+0000                                 
0x0000000030692900 w3wp.exe          12232   2760 0x000000013aa13000 2015-10-08 21:23:58 UTC+0000                                 
0x00000000307e4580 chrome.exe         7932  14292 0x000000002751e000 2015-10-09 05:50:58 UTC+0000                                 
0x0000000039253700 w3wp.exe           6568   2760 0x00000000916d1000 2015-10-08 21:23:08 UTC+0000                                 
0x0000000039277080 conhost.exe        1708    704 0x00000001669a2000 2015-10-09 02:23:00 UTC+0000                                 
0x0000000046249700 w3wp.exe           6208  13308 0x00000000ad31e000 2015-10-09 05:46:44 UTC+0000                                 
0x0000000046260900 w3wp.exe          11872   2760 0x000000013d30e000 2015-10-08 21:23:54 UTC+0000                                 
0x000000004b5c0800 MSExchangeHMWo    13964   7860 0x00000001e8928000 2015-10-08 21:29:07 UTC+0000                                 
0x0000000057c81900 w3wp.exe          10836   2760 0x000000006af13000 2015-10-08 21:23:42 UTC+0000                                 
0x0000000057cf9400 conhost.exe        9092   9124 0x00000001988bf000 2015-10-08 21:22:30 UTC+0000                                 
0x0000000057dbc680 MSExchangeThro     6304    500 0x0000000162db7000 2015-10-08 21:16:11 UTC+0000                                 
0x000000005ea69900 EdgeTransport.     2332  13588 0x000000008069e000 2015-10-09 02:52:00 UTC+0000                                 
0x000000005eb9b900 conhost.exe       17752  17468 0x000000000fdb1000 2015-10-09 12:23:10 UTC+0000                                 
0x000000006489a6c0 MSExchangeDagM     6596    500 0x00000001794c8000 2015-10-08 21:16:14 UTC+0000                                 
0x000000006ca48640 w3wp.exe           9876  13308 0x00000001e7dd8000 2015-10-09 05:46:09 UTC+0000                                 
0x000000006ca89700 Microsoft.Exch     6672    500 0x000000016badf000 2015-10-08 21:16:14 UTC+0000                                 
0x000000006caa0080 cmd.exe            9248   5492 0x000000003105f000 2015-10-09 12:26:20 UTC+0000                                 
0x000000006cbdd480 w3wp.exe          12992  13308 0x00000001ee0f5000 2015-10-09 05:46:12 UTC+0000                                 
0x000000007d72e900 w3wp.exe           9532   2760 0x00000001ed3c3000 2015-10-08 21:23:04 UTC+0000                                 
0x000000007de6c900 conhost.exe        8452   8536 0x0000000053d27000 2015-10-08 21:22:19 UTC+0000                                 
0x000000007deb07c0 chrome.exe        14292  13264 0x0000000190704000 2015-10-08 21:32:04 UTC+0000                                 
0x000000007dec1240 w3wp.exe          11020   2760 0x00000002021d8000 2015-10-08 21:23:19 UTC+0000                                 
0x000000007dfa5340 MSExchangeSubm     5896    500 0x00000000a5ea8000 2015-10-08 21:16:09 UTC+0000                                 
0x0000000080676080 wuauclt.exe       11340    748 0x000000021da74000 2015-10-09 02:24:21 UTC+0000                                 
0x0000000089c6a200 conhost.exe       10932   7888 0x00000000220a8000 2015-10-09 05:33:23 UTC+0000                                 
0x00000000a5c42900 MSExchangeDeli     7464    500 0x00000000a7128000 2015-10-08 21:21:01 UTC+0000                                 
0x00000000a5c77440 w3wp.exe           9048  13308 0x000000013c2a3000 2015-10-09 05:51:00 UTC+0000                                 
0x00000000a5d10200 scanningproces     4908    576 0x000000006df60000 2015-10-08 21:05:48 UTC+0000                                 
0x00000000a5d25440 rundll32.exe      12944    748 0x000000004285c000 2015-10-08 21:24:02 UTC+0000                                 
0x00000000ad6f3200 iexplore.exe      10548  14372 0x000000014b6a0000 2015-10-09 05:40:48 UTC+0000                                 
0x00000000aff81900 MSExchangeHMHo     7860    500 0x0000000197bce000 2015-10-08 21:22:42 UTC+0000                                 
0x00000000b713f900 Microsoft.Exch     3960   8900 0x0000000180972000 2015-10-08 21:22:04 UTC+0000                                 
0x00000000c0085900 smss.exe            236      4 0x00000000bfd29000 2015-10-08 20:32:05 UTC+0000                                 
0x00000000c01e6080 lsass.exe           508    416 0x000000010403a000 2015-10-08 20:32:13 UTC+0000                                 
0x00000000c6a52900 SMSvcHost.exe     13820    500 0x00000000993e5000 2015-10-09 05:46:09 UTC+0000                                 
0x00000000c6ac8900 ExSetupUI.exe      2556   2300 0x0000000141945000 2015-10-08 20:35:49 UTC+0000                                 
0x00000000c6bed080 svchost.exe         576    500 0x00000001022c3000 2015-10-08 20:32:24 UTC+0000                                 
0x00000000c81b3080 svchost.exe         748    500 0x0000000108a93000 2015-10-08 20:32:25 UTC+0000                                 
0x00000000c81c6500 svchost.exe         720    500 0x000000010858d000 2015-10-08 20:32:25 UTC+0000                                 
0x00000000c81c8080 dwm.exe             712    444 0x0000000108686000 2015-10-08 20:32:25 UTC+0000                                 
0x00000000c81cf400 svchost.exe         800    500 0x0000000109298000 2015-10-08 20:32:25 UTC+0000                                 
0x00000000c8214080 svchost.exe         872    500 0x0000000109c74000 2015-10-08 20:32:26 UTC+0000                                 
0x00000000cad34900 svchost.exe         216    500 0x000000010b0aa000 2015-10-08 20:32:27 UTC+0000                                 
0x00000000cc7b5900 spoolsv.exe         884    500 0x000000010c8bc000 2015-10-08 20:32:28 UTC+0000                                 
0x00000000cc972400 sftracing.exe      2500    500 0x0000000095b1a000 2015-10-08 21:04:16 UTC+0000                                 
0x00000000ccf1d080 svchost.exe        1032    500 0x000000010cdc2000 2015-10-08 20:32:28 UTC+0000                                 
0x00000000ccf27900 svchost.exe        1052    500 0x000000010cdc8000 2015-10-08 20:32:28 UTC+0000                                 
0x00000000cd7d9080 dllhost.exe        2232    500 0x0000000118dd4000 2015-10-08 20:32:39 UTC+0000                                 
0x00000000cd7df900 mqsvc.exe          1108    500 0x000000010d8f4000 2015-10-08 20:32:28 UTC+0000                                 
0x00000000cdc7e900 SMSvcHost.exe      1168    500 0x000000010e9fa000 2015-10-08 20:32:29 UTC+0000                                 
0x00000000cde14300 svchost.exe       13308    500 0x00000000919db000 2015-10-09 05:46:06 UTC+0000                                 
0x00000000d2d0b900 msexchangerepl    15224    500 0x000000000df78000 2015-10-09 08:35:19 UTC+0000                                 
0x00000000d439b900 msdtc.exe          2312    500 0x00000001193db000 2015-10-08 20:32:40 UTC+0000                                 
0x00000000d43f7900 powershell.exe      704   2944 0x000000014d516000 2015-10-09 02:22:59 UTC+0000                                 
0x00000000d810a900 rundll32.exe      13148    748 0x0000000013b97000 2015-10-08 21:24:04 UTC+0000                                 
0x00000000d9c53900 explorer.exe       2944   2880 0x000000010aa0e000 2015-10-08 20:33:01 UTC+0000                                 
0x00000000d9cf6700 svchost.exe        1228    500 0x000000011d703000 2015-10-08 20:33:12 UTC+0000                                 
0x00000000d9d82900 ServerManager.     3024   2796 0x000000012036b000 2015-10-08 20:33:18 UTC+0000                                 
0x00000000d9d92100 mmc.exe            6076   2944 0x000000022b353000 2015-10-09 03:56:15 UTC+0000                                 
0x00000000d9d956c0 conhost.exe        3504   6500 0x00000000641bd000 2015-10-09 12:24:30 UTC+0000                                 
0x00000000d9dd07c0 vmtoolsd.exe       2968   2944 0x000000012126f000 2015-10-08 20:33:22 UTC+0000                                 
0x00000000e35b0080 WmiPrvSE.exe       3308    576 0x0000000213169000 2015-10-09 06:31:17 UTC+0000                                 
0x00000000e505f580 scanningproces     4396    576 0x000000006a256000 2015-10-08 21:05:48 UTC+0000                                 
0x00000000e782b080 hostcontroller      984    500 0x0000000094a28000 2015-10-08 21:04:17 UTC+0000                                 
0x00000000e9a6c900 noderunner.exe     2928    984 0x0000000166f9b000 2015-10-08 21:04:51 UTC+0000                                 
0x00000000edef0300 chrome.exe         7384  14292 0x0000000221147000 2015-10-08 21:32:07 UTC+0000                                 
0x00000000f5e58080 w3wp.exe          11032   2760 0x000000005aadd000 2015-10-08 21:23:19 UTC+0000                                 
0x00000000f5ec4380 net.exe            3984  17468 0x0000000034fdc000 2015-10-09 12:23:10 UTC+0000                                 
0x00000000f5f8e100 WMSvc.exe          2588    500 0x000000021f270000 2015-10-08 20:38:31 UTC+0000                                 
0x00000000f5fd1900 w3wp.exe          13716  13308 0x00000001a14fa000 2015-10-09 05:46:12 UTC+0000                                 
0x00000000f5fdd900 w3wp.exe          14564  13308 0x000000000ad23000 2015-10-09 05:46:51 UTC+0000                                 
0x00000000f60627c0 w3wp.exe           4024  13308 0x00000000aec08000 2015-10-09 05:46:15 UTC+0000                                 
0x0000000102a8a200 cmd.exe           14380   2944 0x00000001c3eb0000 2015-10-09 03:54:19 UTC+0000                                 
0x00000001058de540 MSExchangeMail     5680    500 0x00000000b0746000 2015-10-08 21:21:21 UTC+0000                                 
0x00000001058ec400 MSExchangeMail     5612    500 0x000000014e77f000 2015-10-08 21:16:07 UTC+0000                                 
0x000000010590a900 LogonUI.exe       16572    444 0x000000015a37f000 2015-10-09 12:37:56 UTC+0000                                 
0x000000010592f180 iexplore.exe       5132  14372 0x00000001bbb2e000 2015-10-09 02:27:37 UTC+0000                                 
0x000000010596c2c0 w3wp.exe           5700  13308 0x0000000035ec3000 2015-10-09 05:46:06 UTC+0000                                 
0x00000001059d7900 cmd.exe            6500   5492 0x0000000000f2c000 2015-10-09 12:24:30 UTC+0000                                 
0x00000001059e12c0 chrome.exe        13524  14292 0x0000000236f87000 2015-10-08 21:32:06 UTC+0000                                 
0x0000000115f13900 svchost.exe        3052    500 0x0000000115d9c000 2015-10-08 20:56:17 UTC+0000                                 
0x00000001170cf5c0 InetMgr.exe        7680   3024 0x00000000a04c6000 2015-10-09 05:38:25 UTC+0000                                 
0x0000000123dd5200 conhost.exe        8388   8376 0x00000001689d6000 2015-10-08 21:21:52 UTC+0000                                 
0x000000012766a900 w3wp.exe          11280   2760 0x0000000207304000 2015-10-08 21:23:35 UTC+0000                                 
0x000000012cfde640 Microsoft.Exch     6952   6672 0x000000017d3ce000 2015-10-08 21:16:18 UTC+0000                                 
0x0000000140445900 MSExchangeFron     6712    500 0x00000001b85f8000 2015-10-08 21:20:56 UTC+0000                                 
0x0000000144fbf900 w3wp.exe           6664   2760 0x0000000227a41000 2015-10-08 21:25:25 UTC+0000                                 
0x0000000156cc8340 Microsoft.Exch     7588    500 0x00000001d28ee000 2015-10-08 21:20:39 UTC+0000                                 
0x00000001598d9900 net.exe            5596   6500 0x0000000033f56000 2015-10-09 12:24:30 UTC+0000                                 
0x000000015f46d900 Microsoft.Exch     7536    500 0x000000019d6e9000 2015-10-08 21:20:36 UTC+0000                                 
0x000000015f595900 Microsoft.Exch     8160    500 0x00000000b7558000 2015-10-08 21:21:27 UTC+0000                                 
0x0000000160c30100 noderunner.exe     2400    984 0x000000015578e000 2015-10-08 21:04:56 UTC+0000                                 
0x0000000160c44900 updateservice.     4700    576 0x00000001e6ce9000 2015-10-08 21:05:40 UTC+0000                                 
0x0000000160c4b900 Microsoft.Exch     4716    500 0x0000000191c93000 2015-10-08 21:05:33 UTC+0000                                 
0x0000000160c7b100 noderunner.exe     3904    984 0x00000001c61fc000 2015-10-08 21:05:02 UTC+0000                                 
0x0000000160ca1100 scanningproces     4068    576 0x00000001f3941000 2015-10-08 21:05:48 UTC+0000                                 
0x0000000160ca9080 fms.exe            4852    500 0x00000001e76a4000 2015-10-08 21:05:35 UTC+0000                                 
0x0000000168f51900 cmd.exe            7888   2944 0x000000011f4e1000 2015-10-09 05:33:23 UTC+0000                                 
0x0000000168fa8700 WmiPrvSE.exe       8184    576 0x00000001a24a3000 2015-10-08 21:21:43 UTC+0000                                 
0x000000016cda8380 Microsoft.Exch     8376   5872 0x000000015abb9000 2015-10-08 21:21:52 UTC+0000                                 
0x000000016de5d080 noderunner.exe     3784    984 0x0000000074dbf000 2015-10-08 21:04:25 UTC+0000                                 
0x000000016fd68900 MSExchangeTran    13588    500 0x00000001d49b0000 2015-10-09 02:51:58 UTC+0000                                 
0x000000017a860080 taskhostex.exe     2764    748 0x000000011ab70000 2015-10-08 20:33:01 UTC+0000                                 
0x000000017cbc1900 Microsoft.Exch     5872    500 0x00000000bdca1000 2015-10-08 21:21:47 UTC+0000                                 
0x0000000180328900 w3wp.exe           5492  13308 0x000000002f5cf000 2015-10-09 05:46:09 UTC+0000                                 
0x0000000181755900 inetinfo.exe      12188    500 0x00000000999e0000 2015-10-09 05:46:06 UTC+0000                                 
0x00000001a346c340 conhost.exe       15080   9248 0x00000000b2044000 2015-10-09 12:26:20 UTC+0000                                 
0x00000001a389e700 Microsoft.Exch     9044    500 0x00000001f138b000 2015-10-08 21:22:14 UTC+0000                                 
0x00000001b427c900 Microsoft.Exch     9124   8292 0x000000019494e000 2015-10-08 21:22:30 UTC+0000                                 
0x00000001b60d5900 Microsoft.Exch    10184    500 0x00000001f836d000 2015-10-09 05:44:38 UTC+0000                                 
0x00000001b9cc0100 noderunner.exe     2220    984 0x00000001615ed000 2015-10-08 21:04:53 UTC+0000                                 
0x00000001c64bc240 umservice.exe      7716    500 0x00000001a1431000 2015-10-08 21:21:03 UTC+0000                                 
0x00000001c982c900 conhost.exe        6820   3960 0x00000001600d1000 2015-10-08 21:22:04 UTC+0000                                 
0x00000001d0fe0340 Microsoft.Exch     8900    500 0x000000014ac8b000 2015-10-08 21:21:59 UTC+0000                                 
0x00000001d36ff700 Microsoft.Exch     8292    500 0x00000001a9f94000 2015-10-08 21:22:25 UTC+0000                                 
0x00000001d3ccb5c0 conhost.exe       15032  14380 0x00000001f4392000 2015-10-09 03:54:19 UTC+0000                                 
0x00000001ed289900 w3wp.exe           8020   2760 0x000000019a849000 2015-10-08 21:20:55 UTC+0000                                 
0x00000001eff31700 net.exe            5984   9248 0x0000000215c7f000 2015-10-09 12:26:20 UTC+0000                                 
0x00000001f563d1c0 w3wp.exe          10380   2760 0x000000004dfff000 2015-10-08 21:23:25 UTC+0000                                 
0x00000001f62ab900 svchost.exe        1396    500 0x0000000110b07000 2015-10-08 20:32:31 UTC+0000                                 
0x00000001f62cc080 w3wp.exe           9372   2760 0x000000007ffc8000 2015-10-08 21:23:04 UTC+0000                                 
0x00000001f62ec900 Microsoft.Exch     6832    500 0x00000001a244f000 2015-10-08 21:21:26 UTC+0000                                 
0x00000001f6a29900 vmtoolsd.exe       1464    500 0x0000000110f0d000 2015-10-08 20:32:31 UTC+0000                                 
0x00000001f9ad5900 svchost.exe         620    500 0x0000000101e54000 2015-10-08 20:32:24 UTC+0000                                 
0x00000001f9ad6040 System                4      0 0x00000000001aa000 2015-10-08 20:32:05 UTC+0000                                 
0x00000001f9b16900 winlogon.exe        444    400 0x000000000185d000 2015-10-08 20:32:11 UTC+0000                                 
0x00000001f9b5b080 services.exe        500    416 0x0000000104034000 2015-10-08 20:32:12 UTC+0000                                 
