Name                                                  Pid   PPid   Thds   Hnds Time
-------------------------------------------------- ------ ------ ------ ------ ----
 0xffffe00150b62900:ServerManager.                   3024   2796      8      0 2015-10-08 20:33:18 UTC+0000
. 0xffffe00154fcd5c0:InetMgr.exe                     7680   3024     30      0 2015-10-09 05:38:25 UTC+0000
 0xffffe0014eeb6040:System                              4      0    105      0 2015-10-08 20:32:05 UTC+0000
. 0xffffe0014f665900:smss.exe                         236      4      2      0 2015-10-08 20:32:05 UTC+0000
 0xffffe0014faa9900:csrss.exe                         356    344     10      0 2015-10-08 20:32:10 UTC+0000
 0xffffe0014fa91080:wininit.exe                       416    344      1      0 2015-10-08 20:32:11 UTC+0000
. 0xffffe0014f7c6080:lsass.exe                        508    416      9      0 2015-10-08 20:32:13 UTC+0000
. 0xffffe0014ef3b080:services.exe                     500    416      4      0 2015-10-08 20:32:12 UTC+0000
.. 0xffffe0015020f080:svchost.exe                    1032    500      7      0 2015-10-08 20:32:28 UTC+0000
.. 0xffffe00153669700:Microsoft.Exch                 6672    500     22      0 2015-10-08 21:16:14 UTC+0000
... 0xffffe001550bb640:Microsoft.Exch                6952   6672     30      0 2015-10-08 21:16:18 UTC+0000
.. 0xffffe00150228900:svchost.exe                    1052    500      9      0 2015-10-08 20:32:28 UTC+0000
.. 0xffffe00154e13240:umservice.exe                  7716    500     22      0 2015-10-08 21:21:03 UTC+0000
... 0xffffe00151bd4900:UMWorkerProces                6944   7716     36      0 2015-10-08 21:21:05 UTC+0000
.. 0xffffe001510be540:MSExchangeMail                 5680    500     51      0 2015-10-08 21:21:21 UTC+0000
.. 0xffffe0015097b900:msdtc.exe                      2312    500      9      0 2015-10-08 20:32:40 UTC+0000
.. 0xffffe001551d3900:MSExchangeFron                 6712    500     37      0 2015-10-08 21:20:56 UTC+0000
.. 0xffffe0014fdcd080:svchost.exe                     576    500      7      0 2015-10-08 20:32:24 UTC+0000
... 0xffffe00155925080:WmiPrvSE.exe                  3308    576      5      0 2015-10-09 06:31:17 UTC+0000
... 0xffffe00155a24900:updateservice.                4700    576     10      0 2015-10-08 21:05:40 UTC+0000
... 0xffffe00151eea080:ForefrontActiv                4200    576     17      0 2015-10-08 21:05:43 UTC+0000
... 0xffffe00153af0200:scanningproces                4908    576      8      0 2015-10-08 21:05:48 UTC+0000
... 0xffffe001558d4580:scanningproces                4396    576      8      0 2015-10-08 21:05:48 UTC+0000
... 0xffffe00155a81100:scanningproces                4068    576      8      0 2015-10-08 21:05:48 UTC+0000
... 0xffffe00155422700:WmiPrvSE.exe                  8184    576     10      0 2015-10-08 21:21:43 UTC+0000
.. 0xffffe00151df9080:MSExchangeTran                 5192    500     16      0 2015-10-08 21:21:00 UTC+0000
.. 0xffffe00150264080:dllhost.exe                    2232    500     10      0 2015-10-08 20:32:39 UTC+0000
.. 0xffffe0015025d900:mqsvc.exe                      1108    500     31      0 2015-10-08 20:32:28 UTC+0000
.. 0xffffe00154ed9700:Microsoft.Exch                 8292    500     20      0 2015-10-08 21:22:25 UTC+0000
... 0xffffe001548a6900:Microsoft.Exch                9124   8292     21      0 2015-10-08 21:22:30 UTC+0000
.... 0xffffe001530d9400:conhost.exe                  9092   9124      1      0 2015-10-08 21:22:30 UTC+0000
.. 0xffffe0014eeb5900:svchost.exe                     620    500     10      0 2015-10-08 20:32:24 UTC+0000
.. 0xffffe00155a2b900:Microsoft.Exch                 4716    500     23      0 2015-10-08 21:05:33 UTC+0000
.. 0xffffe0015028b900:SMSvcHost.exe                  1168    500     10      0 2015-10-08 20:32:29 UTC+0000
.. 0xffffe0015319c680:MSExchangeThro                 6304    500     11      0 2015-10-08 21:16:11 UTC+0000
.. 0xffffe0015176e100:WMSvc.exe                      2588    500     12      0 2015-10-08 20:38:31 UTC+0000
.. 0xffffe0014f043900:Microsoft.Exch                 6832    500     12      0 2015-10-08 21:21:26 UTC+0000
.. 0xffffe00155565900:MSExchangeHMHo                 7860    500     25      0 2015-10-08 21:22:42 UTC+0000
... 0xffffe00152da0800:MSExchangeHMWo               13964   7860     63      0 2015-10-08 21:29:07 UTC+0000
.... 0xffffe001520b7900:conhost.exe                  7376  13964      1      0 2015-10-08 21:29:07 UTC+0000
.. 0xffffe0014f0b7900:svchost.exe                    1396    500     12      0 2015-10-08 20:32:31 UTC+0000
.. 0xffffe0014ffaf400:svchost.exe                     800    500     19      0 2015-10-08 20:32:25 UTC+0000
.. 0xffffe00154ea8340:Microsoft.Exch                 8900    500     17      0 2015-10-08 21:21:59 UTC+0000
... 0xffffe001555b1900:Microsoft.Exch                3960   8900     21      0 2015-10-08 21:22:04 UTC+0000
.... 0xffffe00154e7a900:conhost.exe                  6820   3960      1      0 2015-10-08 21:22:04 UTC+0000
.. 0xffffe00150ad6700:svchost.exe                    1228    500      1      0 2015-10-08 20:33:12 UTC+0000
.. 0xffffe0014ffa6500:svchost.exe                     720    500     17      0 2015-10-08 20:32:25 UTC+0000
.. 0xffffe00150766900:msexchangerepl                15224    500     38      0 2015-10-09 08:35:19 UTC+0000
.. 0xffffe00152138380:Microsoft.Exch                 9452    500     32      0 2015-10-08 21:23:57 UTC+0000
.. 0xffffe0014fb20900:svchost.exe                     216    500     17      0 2015-10-08 20:32:27 UTC+0000
.. 0xffffe00155654900:Microsoft.Exch                 5872    500     20      0 2015-10-08 21:21:47 UTC+0000
... 0xffffe00155731380:Microsoft.Exch                8376   5872     20      0 2015-10-08 21:21:52 UTC+0000
.... 0xffffe0015502e200:conhost.exe                  8388   8376      1      0 2015-10-08 21:21:52 UTC+0000
.. 0xffffe00155a89080:fms.exe                        4852    500      9      0 2015-10-08 21:05:35 UTC+0000
.. 0xffffe00153985340:MSExchangeSubm                 5896    500     36      0 2015-10-08 21:16:09 UTC+0000
.. 0xffffe001554db900:MSExchangeTran                13588    500     16      0 2015-10-09 02:51:58 UTC+0000
... 0xffffe00153249900:EdgeTransport.                2332  13588    119      0 2015-10-09 02:52:00 UTC+0000
.... 0xffffe00152409900:conhost.exe                  7524   2332      1      0 2015-10-09 02:52:00 UTC+0000
.. 0xffffe00153a22900:MSExchangeDeli                 7464    500     38      0 2015-10-08 21:21:01 UTC+0000
.. 0xffffe00150275300:svchost.exe                   13308    500     18      0 2015-10-09 05:46:06 UTC+0000
... 0xffffe00153a57440:w3wp.exe                      9048  13308     28      0 2015-10-09 05:51:00 UTC+0000
... 0xffffe001514427c0:w3wp.exe                      4024  13308     82      0 2015-10-09 05:46:15 UTC+0000
... 0xffffe0015114c2c0:w3wp.exe                      5700  13308     69      0 2015-10-09 05:46:06 UTC+0000
... 0xffffe00152398900:w3wp.exe                      5492  13308     91      0 2015-10-09 05:46:09 UTC+0000
.... 0xffffe00153680080:cmd.exe                      9248   5492      1      0 2015-10-09 12:26:20 UTC+0000
..... 0xffffe001547a3700:net.exe                     5984   9248      1      0 2015-10-09 12:26:20 UTC+0000
..... 0xffffe00154ab2340:conhost.exe                15080   9248      2      0 2015-10-09 12:26:20 UTC+0000
.... 0xffffe00151cab080:cmd.exe                     17468   5492      1      0 2015-10-09 12:23:10 UTC+0000
..... 0xffffe0015337b900:conhost.exe                17752  17468      2      0 2015-10-09 12:23:10 UTC+0000
..... 0xffffe001516a4380:net.exe                     3984  17468      1      0 2015-10-09 12:23:10 UTC+0000
.... 0xffffe001511b7900:cmd.exe                      6500   5492      1      0 2015-10-09 12:24:30 UTC+0000
..... 0xffffe00150b756c0:conhost.exe                 3504   6500      2      0 2015-10-09 12:24:30 UTC+0000
..... 0xffffe001553a7900:net.exe                     5596   6500      1      0 2015-10-09 12:24:30 UTC+0000
... 0xffffe001537bd480:w3wp.exe                     12992  13308     67      0 2015-10-09 05:46:12 UTC+0000
... 0xffffe00151d121c0:w3wp.exe                     11632  13308     58      0 2015-10-09 05:46:20 UTC+0000
... 0xffffe00153628640:w3wp.exe                      9876  13308     77      0 2015-10-09 05:46:09 UTC+0000
... 0xffffe001517bd900:w3wp.exe                     14564  13308     55      0 2015-10-09 05:46:51 UTC+0000
... 0xffffe001546fc500:w3wp.exe                     13088  13308     85      0 2015-10-09 05:46:21 UTC+0000
... 0xffffe00152a29700:w3wp.exe                      6208  13308     64      0 2015-10-09 05:46:44 UTC+0000
... 0xffffe001517b1900:w3wp.exe                     13716  13308     83      0 2015-10-09 05:46:12 UTC+0000
... 0xffffe001520a2900:w3wp.exe                     10656  13308     70      0 2015-10-09 05:46:12 UTC+0000
... 0xffffe00152262900:w3wp.exe                      9680  13308     44      0 2015-10-09 05:46:15 UTC+0000
.. 0xffffe0014fc32900:SMSvcHost.exe                 13820    500      5      0 2015-10-09 05:46:09 UTC+0000
.. 0xffffe0014fbfa400:sftracing.exe                  2500    500      9      0 2015-10-08 21:04:16 UTC+0000
.. 0xffffe0014fff4080:svchost.exe                     872    500     17      0 2015-10-08 20:32:26 UTC+0000
.. 0xffffe001553f4900:Microsoft.Exch                 7536    500     45      0 2015-10-08 21:20:36 UTC+0000
.. 0xffffe0014fbe1900:spoolsv.exe                     884    500      9      0 2015-10-08 20:32:28 UTC+0000
.. 0xffffe001510cc400:MSExchangeMail                 5612    500     42      0 2015-10-08 21:16:07 UTC+0000
.. 0xffffe00150de1900:Microsoft.Exch                10184    500     55      0 2015-10-09 05:44:38 UTC+0000
.. 0xffffe001523ba900:inetinfo.exe                  12188    500      4      0 2015-10-09 05:46:06 UTC+0000
.. 0xffffe00155377340:Microsoft.Exch                 7588    500     22      0 2015-10-08 21:20:39 UTC+0000
.. 0xffffe0014f0d2900:vmtoolsd.exe                   1464    500      8      0 2015-10-08 20:32:31 UTC+0000
.. 0xffffe00151aae900:Microsoft.Exch                 5564    500     34      0 2015-10-08 21:16:08 UTC+0000
.. 0xffffe00151cdc080:svchost.exe                    6408    500      6      0 2015-10-09 12:24:25 UTC+0000
.. 0xffffe0015347a6c0:MSExchangeDagM                 6596    500     13      0 2015-10-08 21:16:14 UTC+0000
.. 0xffffe0014ff93080:svchost.exe                     748    500     32      0 2015-10-08 20:32:25 UTC+0000
... 0xffffe00153faa080:wuauclt.exe                  11340    748      1      0 2015-10-09 02:24:21 UTC+0000
... 0xffffe0014f440080:taskhostex.exe                2764    748      8      0 2015-10-08 20:33:01 UTC+0000
... 0xffffe0015415e900:rundll32.exe                 13148    748     10      0 2015-10-08 21:24:04 UTC+0000
... 0xffffe00153b05440:rundll32.exe                 12944    748     10      0 2015-10-08 21:24:02 UTC+0000
.. 0xffffe001558a5080:hostcontroller                  984    500     15      0 2015-10-08 21:04:17 UTC+0000
... 0xffffe00155874900:noderunner.exe                2928    984      0 ------ 2015-10-08 21:04:51 UTC+0000
... 0xffffe001512a0100:noderunner.exe                2220    984     71      0 2015-10-08 21:04:53 UTC+0000
... 0xffffe001554d4080:noderunner.exe                3784    984     39      0 2015-10-08 21:04:25 UTC+0000
... 0xffffe00155a5b100:noderunner.exe                3904    984     53      0 2015-10-08 21:05:02 UTC+0000
... 0xffffe00155a10100:noderunner.exe                2400    984     72      0 2015-10-08 21:04:56 UTC+0000
.. 0xffffe001553ee900:Microsoft.Exch                 8160    500     15      0 2015-10-08 21:21:27 UTC+0000
.. 0xffffe001558ba900:svchost.exe                    3052    500      3      0 2015-10-08 20:56:17 UTC+0000
.. 0xffffe00154aea700:Microsoft.Exch                 9044    500     20      0 2015-10-08 21:22:14 UTC+0000
... 0xffffe00151ddf380:Microsoft.Exch                8536   9044     20      0 2015-10-08 21:22:19 UTC+0000
.... 0xffffe0015384c900:conhost.exe                  8452   8536      1      0 2015-10-08 21:22:19 UTC+0000
 0xffffe00150a33900:explorer.exe                     2944   2880     45      0 2015-10-08 20:33:01 UTC+0000
. 0xffffe00155428900:cmd.exe                         7888   2944      1      0 2015-10-09 05:33:23 UTC+0000
.. 0xffffe00154b70200:conhost.exe                   10932   7888      2      0 2015-10-09 05:33:23 UTC+0000
. 0xffffe00150dfe200:cmd.exe                        14380   2944      1      0 2015-10-09 03:54:19 UTC+0000
.. 0xffffe00154ef25c0:conhost.exe                   15032  14380      2      0 2015-10-09 03:54:19 UTC+0000
. 0xffffe001509d7900:powershell.exe                   704   2944      8      0 2015-10-09 02:22:59 UTC+0000
.. 0xffffe00152657080:conhost.exe                    1708    704      2      0 2015-10-09 02:23:00 UTC+0000
. 0xffffe00150b72100:mmc.exe                         6076   2944     15      0 2015-10-09 03:56:15 UTC+0000
. 0xffffe00151bf8900:iexplore.exe                   14372   2944      7      0 2015-10-09 02:27:37 UTC+0000
.. 0xffffe0015110f180:iexplore.exe                   5132  14372     25      0 2015-10-09 02:27:37 UTC+0000
.. 0xffffe001555a1200:iexplore.exe                  10548  14372     13      0 2015-10-09 05:40:48 UTC+0000
. 0xffffe00150bb07c0:vmtoolsd.exe                    2968   2944      5      0 2015-10-08 20:33:22 UTC+0000
. 0xffffe00152328900:mmc.exe                         9720   2944      9      0 2015-10-09 05:44:17 UTC+0000
 0xffffe00152a40900:w3wp.exe                        11872   2760      0 ------ 2015-10-08 21:23:54 UTC+0000
 0xffffe0015507a900:w3wp.exe                        11280   2760      0 ------ 2015-10-08 21:23:35 UTC+0000
 0xffffe001546711c0:w3wp.exe                        10380   2760      0 ------ 2015-10-08 21:23:25 UTC+0000
 0xffffe00150d4e080:w3wp.exe                         9372   2760      0 ------ 2015-10-08 21:23:04 UTC+0000
 0xffffe001538a1240:w3wp.exe                        11020   2760      0 ------ 2015-10-08 21:23:19 UTC+0000
 0xffffe00151638080:w3wp.exe                        11032   2760      0 ------ 2015-10-08 21:23:19 UTC+0000
 0xffffe00153061900:w3wp.exe                        10836   2760      0 ------ 2015-10-08 21:23:42 UTC+0000
 0xffffe00154956900:w3wp.exe                         9532   2760      0 ------ 2015-10-08 21:23:04 UTC+0000
 0xffffe00151880900:w3wp.exe                         8020   2760      0 ------ 2015-10-08 21:20:55 UTC+0000
 0xffffe00152633700:w3wp.exe                         6568   2760      0 ------ 2015-10-08 21:23:08 UTC+0000
 0xffffe0015524e900:w3wp.exe                         6664   2760      0 ------ 2015-10-08 21:25:25 UTC+0000
 0xffffe00152472900:w3wp.exe                        12232   2760      0 ------ 2015-10-08 21:23:58 UTC+0000
 0xffffe0014eef6900:winlogon.exe                      444    400      2      0 2015-10-08 20:32:11 UTC+0000
. 0xffffe0014ffa8080:dwm.exe                          712    444      6      0 2015-10-08 20:32:25 UTC+0000
. 0xffffe001510ea900:LogonUI.exe                    16572    444      9      0 2015-10-09 12:37:56 UTC+0000
 0xffffe0014fa6d080:csrss.exe                         408    400     11      0 2015-10-08 20:32:11 UTC+0000
 0xffffe001538907c0:chrome.exe                      14292  13264     23      0 2015-10-08 21:32:04 UTC+0000
. 0xffffe001511c12c0:chrome.exe                     13524  14292      4      0 2015-10-08 21:32:06 UTC+0000
. 0xffffe001525c4580:chrome.exe                      7932  14292      8      0 2015-10-09 05:50:58 UTC+0000
. 0xffffe00155965300:chrome.exe                      7384  14292     10      0 2015-10-08 21:32:07 UTC+0000
. 0xffffe00152067900:chrome.exe                      5840  14292      9      0 2015-10-09 04:39:48 UTC+0000
 0xffffe0014fca8900:ExSetupUI.exe                    2556   2300      0 ------ 2015-10-08 20:35:49 UTC+0000
