Process: svchost.exe Pid: 1828 Address: 0x45f0000
Vad Tag: VadS Protection: PAGE_EXECUTE_READWRITE
Flags: CommitCharge: 128, MemCommit: 1, PrivateMemory: 1, Protection: 6

0x00000000045f0000  00 00 00 00 00 00 00 00 00 00 00 00 00 00 00 00   ................
0x00000000045f0010  00 00 00 00 00 00 00 00 00 00 00 00 00 00 00 00   ................
0x00000000045f0020  00 00 00 00 00 00 00 00 00 00 00 00 00 00 00 00   ................
0x00000000045f0030  00 00 00 00 00 00 00 00 00 00 00 00 00 00 00 00   ................

0x00000000045f0000 0000             ADD [EAX], AL
0x00000000045f0002 0000             ADD [EAX], AL
0x00000000045f0004 0000             ADD [EAX], AL
0x00000000045f0006 0000             ADD [EAX], AL
0x00000000045f0008 0000             ADD [EAX], AL
0x00000000045f000a 0000             ADD [EAX], AL
0x00000000045f000c 0000             ADD [EAX], AL
0x00000000045f000e 0000             ADD [EAX], AL
0x00000000045f0010 0000             ADD [EAX], AL
0x00000000045f0012 0000             ADD [EAX], AL
0x00000000045f0014 0000             ADD [EAX], AL
0x00000000045f0016 0000             ADD [EAX], AL
0x00000000045f0018 0000             ADD [EAX], AL
0x00000000045f001a 0000             ADD [EAX], AL
0x00000000045f001c 0000             ADD [EAX], AL
0x00000000045f001e 0000             ADD [EAX], AL
0x00000000045f0020 0000             ADD [EAX], AL
0x00000000045f0022 0000             ADD [EAX], AL
0x00000000045f0024 0000             ADD [EAX], AL
0x00000000045f0026 0000             ADD [EAX], AL
0x00000000045f0028 0000             ADD [EAX], AL
0x00000000045f002a 0000             ADD [EAX], AL
0x00000000045f002c 0000             ADD [EAX], AL
0x00000000045f002e 0000             ADD [EAX], AL
0x00000000045f0030 0000             ADD [EAX], AL
0x00000000045f0032 0000             ADD [EAX], AL
0x00000000045f0034 0000             ADD [EAX], AL
0x00000000045f0036 0000             ADD [EAX], AL
0x00000000045f0038 0000             ADD [EAX], AL
0x00000000045f003a 0000             ADD [EAX], AL
0x00000000045f003c 0000             ADD [EAX], AL
0x00000000045f003e 0000             ADD [EAX], AL

Process: explorer.exe Pid: 2200 Address: 0x31e0000
Vad Tag: VadS Protection: PAGE_EXECUTE_READWRITE
Flags: CommitCharge: 1, MemCommit: 1, PrivateMemory: 1, Protection: 6

0x00000000031e0000  00 00 00 00 00 00 00 00 00 00 00 00 00 00 00 00   ................
0x00000000031e0010  00 00 1e 03 00 00 00 00 00 00 00 00 00 00 00 00   ................
0x00000000031e0020  10 00 1e 03 00 00 00 00 00 00 00 00 00 00 00 00   ................
0x00000000031e0030  20 00 1e 03 00 00 00 00 00 00 00 00 00 00 00 00   ................

0x00000000031e0000 0000             ADD [EAX], AL
0x00000000031e0002 0000             ADD [EAX], AL
0x00000000031e0004 0000             ADD [EAX], AL
0x00000000031e0006 0000             ADD [EAX], AL
0x00000000031e0008 0000             ADD [EAX], AL
0x00000000031e000a 0000             ADD [EAX], AL
0x00000000031e000c 0000             ADD [EAX], AL
0x00000000031e000e 0000             ADD [EAX], AL
0x00000000031e0010 0000             ADD [EAX], AL
0x00000000031e0012 1e               PUSH DS
0x00000000031e0013 0300             ADD EAX, [EAX]
0x00000000031e0015 0000             ADD [EAX], AL
0x00000000031e0017 0000             ADD [EAX], AL
0x00000000031e0019 0000             ADD [EAX], AL
0x00000000031e001b 0000             ADD [EAX], AL
0x00000000031e001d 0000             ADD [EAX], AL
0x00000000031e001f 0010             ADD [EAX], DL
0x00000000031e0021 001e             ADD [ESI], BL
0x00000000031e0023 0300             ADD EAX, [EAX]
0x00000000031e0025 0000             ADD [EAX], AL
0x00000000031e0027 0000             ADD [EAX], AL
0x00000000031e0029 0000             ADD [EAX], AL
0x00000000031e002b 0000             ADD [EAX], AL
0x00000000031e002d 0000             ADD [EAX], AL
0x00000000031e002f 0020             ADD [EAX], AH
0x00000000031e0031 001e             ADD [ESI], BL
0x00000000031e0033 0300             ADD EAX, [EAX]
0x00000000031e0035 0000             ADD [EAX], AL
0x00000000031e0037 0000             ADD [EAX], AL
0x00000000031e0039 0000             ADD [EAX], AL
0x00000000031e003b 0000             ADD [EAX], AL
0x00000000031e003d 0000             ADD [EAX], AL
0x00000000031e003f 00               DB 0x0

Process: WINWORD.EXE Pid: 3740 Address: 0x365b0000
Vad Tag: VadS Protection: PAGE_EXECUTE_READWRITE
Flags: CommitCharge: 16, MemCommit: 1, PrivateMemory: 1, Protection: 6

0x00000000365b0000  e3 8f 8c 30 ce ef a7 86 94 db 11 d3 de 6e e0 15   ...0.........n..
0x00000000365b0010  78 a5 6c 88 01 b2 41 db c4 3d 9c 96 78 06 6d a7   x.l...A..=..x.m.
0x00000000365b0020  1f 1a 74 87 70 77 5a 6f 2e 06 6a 9c 78 30 0d 75   ..t.pwZo..j.x0.u
0x00000000365b0030  1b ef d9 71 2e 19 e0 4e a1 1b 79 14 8c 28 cb dd   ...q...N..y..(..

0x00000000365b0000 e38f             JECXZ 0x365aff91
0x00000000365b0002 8c               DB 0x8c
0x00000000365b0003 30ce             XOR DH, CL
0x00000000365b0005 ef               OUT DX, EAX
0x00000000365b0006 a7               CMPSD
0x00000000365b0007 8694db11d3de6e   XCHG [EBX+EBX*8+0x6eded311], DL
0x00000000365b000e e015             LOOPNZ 0x365b0025
0x00000000365b0010 78a5             JS 0x365affb7
0x00000000365b0012 6c               INS BYTE [EDI], DX
0x00000000365b0013 8801             MOV [ECX], AL
0x00000000365b0015 b241             MOV DL, 0x41
0x00000000365b0017 dbc4             FCMOVNB ST0, ST4
0x00000000365b0019 3d9c967806       CMP EAX, 0x678969c
0x00000000365b001e 6d               INS DWORD [EDI], DX
0x00000000365b001f a7               CMPSD
0x00000000365b0020 1f               POP DS
0x00000000365b0021 1a748770         SBB DH, [EDI+EAX*4+0x70]
0x00000000365b0025 775a             JA 0x365b0081
0x00000000365b0027 6f               OUTS DX, DWORD [ESI]
0x00000000365b0028 2e06             PUSH ES
0x00000000365b002a 6a9c             PUSH -0x64
0x00000000365b002c 7830             JS 0x365b005e
0x00000000365b002e 0d751befd9       OR EAX, 0xd9ef1b75
0x00000000365b0033 712e             JNO 0x365b0063
0x00000000365b0035 19e0             SBB EAX, ESP
0x00000000365b0037 4e               DEC ESI
0x00000000365b0038 a11b79148c       MOV EAX, [0x8c14791b]
0x00000000365b003d 28cb             SUB BL, CL
0x00000000365b003f dd               DB 0xdd

Process: explorer.exe Pid: 1836 Address: 0x530000
Vad Tag: VadS Protection: PAGE_EXECUTE_READWRITE
Flags: CommitCharge: 1, MemCommit: 1, PrivateMemory: 1, Protection: 6

0x0000000000530000  00 00 00 00 00 00 00 00 00 00 00 00 00 00 00 00   ................
0x0000000000530010  00 00 53 00 00 00 00 00 00 00 00 00 00 00 00 00   ..S.............
0x0000000000530020  10 00 53 00 00 00 00 00 00 00 00 00 00 00 00 00   ..S.............
0x0000000000530030  20 00 53 00 00 00 00 00 00 00 00 00 00 00 00 00   ..S.............

0x0000000000530000 0000             ADD [EAX], AL
0x0000000000530002 0000             ADD [EAX], AL
0x0000000000530004 0000             ADD [EAX], AL
0x0000000000530006 0000             ADD [EAX], AL
0x0000000000530008 0000             ADD [EAX], AL
0x000000000053000a 0000             ADD [EAX], AL
0x000000000053000c 0000             ADD [EAX], AL
0x000000000053000e 0000             ADD [EAX], AL
0x0000000000530010 0000             ADD [EAX], AL
0x0000000000530012 53               PUSH EBX
0x0000000000530013 0000             ADD [EAX], AL
0x0000000000530015 0000             ADD [EAX], AL
0x0000000000530017 0000             ADD [EAX], AL
0x0000000000530019 0000             ADD [EAX], AL
0x000000000053001b 0000             ADD [EAX], AL
0x000000000053001d 0000             ADD [EAX], AL
0x000000000053001f 0010             ADD [EAX], DL
0x0000000000530021 005300           ADD [EBX+0x0], DL
0x0000000000530024 0000             ADD [EAX], AL
0x0000000000530026 0000             ADD [EAX], AL
0x0000000000530028 0000             ADD [EAX], AL
0x000000000053002a 0000             ADD [EAX], AL
0x000000000053002c 0000             ADD [EAX], AL
0x000000000053002e 0000             ADD [EAX], AL
0x0000000000530030 2000             AND [EAX], AL
0x0000000000530032 53               PUSH EBX
0x0000000000530033 0000             ADD [EAX], AL
0x0000000000530035 0000             ADD [EAX], AL
0x0000000000530037 0000             ADD [EAX], AL
0x0000000000530039 0000             ADD [EAX], AL
0x000000000053003b 0000             ADD [EAX], AL
0x000000000053003d 0000             ADD [EAX], AL
0x000000000053003f 00               DB 0x0

Process: explorer.exe Pid: 1836 Address: 0x2b80000
Vad Tag: VadS Protection: PAGE_EXECUTE_READWRITE
Flags: CommitCharge: 2, MemCommit: 1, PrivateMemory: 1, Protection: 6

0x0000000002b80000  b0 00 eb 70 b0 01 eb 6c b0 02 eb 68 b0 03 eb 64   ...p...l...h...d
0x0000000002b80010  b0 04 eb 60 b0 05 eb 5c b0 06 eb 58 b0 07 eb 54   ...`...\...X...T
0x0000000002b80020  b0 08 eb 50 b0 09 eb 4c b0 0a eb 48 b0 0b eb 44   ...P...L...H...D
0x0000000002b80030  b0 0c eb 40 b0 0d eb 3c b0 0e eb 38 b0 0f eb 34   ...@...<...8...4

0x0000000002b80000 b000             MOV AL, 0x0
0x0000000002b80002 eb70             JMP 0x2b80074
0x0000000002b80004 b001             MOV AL, 0x1
0x0000000002b80006 eb6c             JMP 0x2b80074
0x0000000002b80008 b002             MOV AL, 0x2
0x0000000002b8000a eb68             JMP 0x2b80074
0x0000000002b8000c b003             MOV AL, 0x3
0x0000000002b8000e eb64             JMP 0x2b80074
0x0000000002b80010 b004             MOV AL, 0x4
0x0000000002b80012 eb60             JMP 0x2b80074
0x0000000002b80014 b005             MOV AL, 0x5
0x0000000002b80016 eb5c             JMP 0x2b80074
0x0000000002b80018 b006             MOV AL, 0x6
0x0000000002b8001a eb58             JMP 0x2b80074
0x0000000002b8001c b007             MOV AL, 0x7
0x0000000002b8001e eb54             JMP 0x2b80074
0x0000000002b80020 b008             MOV AL, 0x8
0x0000000002b80022 eb50             JMP 0x2b80074
0x0000000002b80024 b009             MOV AL, 0x9
0x0000000002b80026 eb4c             JMP 0x2b80074
0x0000000002b80028 b00a             MOV AL, 0xa
0x0000000002b8002a eb48             JMP 0x2b80074
0x0000000002b8002c b00b             MOV AL, 0xb
0x0000000002b8002e eb44             JMP 0x2b80074
0x0000000002b80030 b00c             MOV AL, 0xc
0x0000000002b80032 eb40             JMP 0x2b80074
0x0000000002b80034 b00d             MOV AL, 0xd
0x0000000002b80036 eb3c             JMP 0x2b80074
0x0000000002b80038 b00e             MOV AL, 0xe
0x0000000002b8003a eb38             JMP 0x2b80074
0x0000000002b8003c b00f             MOV AL, 0xf
0x0000000002b8003e eb34             JMP 0x2b80074

Process: notepad.exe Pid: 2700 Address: 0x3d70000
Vad Tag: VadS Protection: PAGE_EXECUTE_READWRITE
Flags: CommitCharge: 1, MemCommit: 1, PrivateMemory: 1, Protection: 6

0x0000000003d70000  00 00 00 00 00 00 00 00 00 00 00 00 00 00 00 00   ................
0x0000000003d70010  00 00 d7 03 00 00 00 00 00 00 00 00 00 00 00 00   ................
0x0000000003d70020  10 00 d7 03 00 00 00 00 00 00 00 00 00 00 00 00   ................
0x0000000003d70030  20 00 d7 03 00 00 00 00 00 00 00 00 00 00 00 00   ................

0x0000000003d70000 0000             ADD [EAX], AL
0x0000000003d70002 0000             ADD [EAX], AL
0x0000000003d70004 0000             ADD [EAX], AL
0x0000000003d70006 0000             ADD [EAX], AL
0x0000000003d70008 0000             ADD [EAX], AL
0x0000000003d7000a 0000             ADD [EAX], AL
0x0000000003d7000c 0000             ADD [EAX], AL
0x0000000003d7000e 0000             ADD [EAX], AL
0x0000000003d70010 0000             ADD [EAX], AL
0x0000000003d70012 d7               XLAT BYTE [EBX+AL]
0x0000000003d70013 0300             ADD EAX, [EAX]
0x0000000003d70015 0000             ADD [EAX], AL
0x0000000003d70017 0000             ADD [EAX], AL
0x0000000003d70019 0000             ADD [EAX], AL
0x0000000003d7001b 0000             ADD [EAX], AL
0x0000000003d7001d 0000             ADD [EAX], AL
0x0000000003d7001f 0010             ADD [EAX], DL
0x0000000003d70021 00d7             ADD BH, DL
0x0000000003d70023 0300             ADD EAX, [EAX]
0x0000000003d70025 0000             ADD [EAX], AL
0x0000000003d70027 0000             ADD [EAX], AL
0x0000000003d70029 0000             ADD [EAX], AL
0x0000000003d7002b 0000             ADD [EAX], AL
0x0000000003d7002d 0000             ADD [EAX], AL
0x0000000003d7002f 0020             ADD [EAX], AH
0x0000000003d70031 00d7             ADD BH, DL
0x0000000003d70033 0300             ADD EAX, [EAX]
0x0000000003d70035 0000             ADD [EAX], AL
0x0000000003d70037 0000             ADD [EAX], AL
0x0000000003d70039 0000             ADD [EAX], AL
0x0000000003d7003b 0000             ADD [EAX], AL
0x0000000003d7003d 0000             ADD [EAX], AL
0x0000000003d7003f 00               DB 0x0

Process: notepad.exe Pid: 2700 Address: 0x3d90000
Vad Tag: VadS Protection: PAGE_EXECUTE_READWRITE
Flags: CommitCharge: 2, MemCommit: 1, PrivateMemory: 1, Protection: 6

0x0000000003d90000  b0 00 eb 70 b0 01 eb 6c b0 02 eb 68 b0 03 eb 64   ...p...l...h...d
0x0000000003d90010  b0 04 eb 60 b0 05 eb 5c b0 06 eb 58 b0 07 eb 54   ...`...\...X...T
0x0000000003d90020  b0 08 eb 50 b0 09 eb 4c b0 0a eb 48 b0 0b eb 44   ...P...L...H...D
0x0000000003d90030  b0 0c eb 40 b0 0d eb 3c b0 0e eb 38 b0 0f eb 34   ...@...<...8...4

0x0000000003d90000 b000             MOV AL, 0x0
0x0000000003d90002 eb70             JMP 0x3d90074
0x0000000003d90004 b001             MOV AL, 0x1
0x0000000003d90006 eb6c             JMP 0x3d90074
0x0000000003d90008 b002             MOV AL, 0x2
0x0000000003d9000a eb68             JMP 0x3d90074
0x0000000003d9000c b003             MOV AL, 0x3
0x0000000003d9000e eb64             JMP 0x3d90074
0x0000000003d90010 b004             MOV AL, 0x4
0x0000000003d90012 eb60             JMP 0x3d90074
0x0000000003d90014 b005             MOV AL, 0x5
0x0000000003d90016 eb5c             JMP 0x3d90074
0x0000000003d90018 b006             MOV AL, 0x6
0x0000000003d9001a eb58             JMP 0x3d90074
0x0000000003d9001c b007             MOV AL, 0x7
0x0000000003d9001e eb54             JMP 0x3d90074
0x0000000003d90020 b008             MOV AL, 0x8
0x0000000003d90022 eb50             JMP 0x3d90074
0x0000000003d90024 b009             MOV AL, 0x9
0x0000000003d90026 eb4c             JMP 0x3d90074
0x0000000003d90028 b00a             MOV AL, 0xa
0x0000000003d9002a eb48             JMP 0x3d90074
0x0000000003d9002c b00b             MOV AL, 0xb
0x0000000003d9002e eb44             JMP 0x3d90074
0x0000000003d90030 b00c             MOV AL, 0xc
0x0000000003d90032 eb40             JMP 0x3d90074
0x0000000003d90034 b00d             MOV AL, 0xd
0x0000000003d90036 eb3c             JMP 0x3d90074
0x0000000003d90038 b00e             MOV AL, 0xe
0x0000000003d9003a eb38             JMP 0x3d90074
0x0000000003d9003c b00f             MOV AL, 0xf
0x0000000003d9003e eb34             JMP 0x3d90074

Process: OUTLOOK.EXE Pid: 3376 Address: 0x365b0000
Vad Tag: VadS Protection: PAGE_EXECUTE_READWRITE
Flags: CommitCharge: 16, MemCommit: 1, PrivateMemory: 1, Protection: 6

0x00000000365b0000  64 74 72 52 00 00 00 00 f8 01 5b 36 00 00 00 00   dtrR......[6....
0x00000000365b0010  00 00 00 00 00 00 00 00 00 00 00 00 00 00 00 00   ................
0x00000000365b0020  00 00 00 00 00 00 00 00 00 00 00 00 00 00 00 00   ................
0x00000000365b0030  00 00 00 00 00 00 00 00 00 00 00 00 00 00 00 00   ................

0x00000000365b0000 647472           JZ 0x365b0075
0x00000000365b0003 52               PUSH EDX
0x00000000365b0004 0000             ADD [EAX], AL
0x00000000365b0006 0000             ADD [EAX], AL
0x00000000365b0008 f8               CLC
0x00000000365b0009 015b36           ADD [EBX+0x36], EBX
0x00000000365b000c 0000             ADD [EAX], AL
0x00000000365b000e 0000             ADD [EAX], AL
0x00000000365b0010 0000             ADD [EAX], AL
0x00000000365b0012 0000             ADD [EAX], AL
0x00000000365b0014 0000             ADD [EAX], AL
0x00000000365b0016 0000             ADD [EAX], AL
0x00000000365b0018 0000             ADD [EAX], AL
0x00000000365b001a 0000             ADD [EAX], AL
0x00000000365b001c 0000             ADD [EAX], AL
0x00000000365b001e 0000             ADD [EAX], AL
0x00000000365b0020 0000             ADD [EAX], AL
0x00000000365b0022 0000             ADD [EAX], AL
0x00000000365b0024 0000             ADD [EAX], AL
0x00000000365b0026 0000             ADD [EAX], AL
0x00000000365b0028 0000             ADD [EAX], AL
0x00000000365b002a 0000             ADD [EAX], AL
0x00000000365b002c 0000             ADD [EAX], AL
0x00000000365b002e 0000             ADD [EAX], AL
0x00000000365b0030 0000             ADD [EAX], AL
0x00000000365b0032 0000             ADD [EAX], AL
0x00000000365b0034 0000             ADD [EAX], AL
0x00000000365b0036 0000             ADD [EAX], AL
0x00000000365b0038 0000             ADD [EAX], AL
0x00000000365b003a 0000             ADD [EAX], AL
0x00000000365b003c 0000             ADD [EAX], AL
0x00000000365b003e 0000             ADD [EAX], AL

Process: OUTLOOK.EXE Pid: 3376 Address: 0x90000
Vad Tag: VadS Protection: PAGE_EXECUTE_READWRITE
Flags: CommitCharge: 10, MemCommit: 1, PrivateMemory: 1, Protection: 6

0x0000000000090000  00 00 00 00 00 00 00 00 00 00 00 00 00 00 00 00   ................
0x0000000000090010  00 00 00 00 00 00 00 00 00 00 00 00 00 00 00 00   ................
0x0000000000090020  00 00 00 00 00 00 00 00 00 00 00 00 00 00 00 00   ................
0x0000000000090030  00 00 00 00 00 00 00 00 00 00 00 00 00 00 00 00   ................

0x0000000000090000 0000             ADD [EAX], AL
0x0000000000090002 0000             ADD [EAX], AL
0x0000000000090004 0000             ADD [EAX], AL
0x0000000000090006 0000             ADD [EAX], AL
0x0000000000090008 0000             ADD [EAX], AL
0x000000000009000a 0000             ADD [EAX], AL
0x000000000009000c 0000             ADD [EAX], AL
0x000000000009000e 0000             ADD [EAX], AL
0x0000000000090010 0000             ADD [EAX], AL
0x0000000000090012 0000             ADD [EAX], AL
0x0000000000090014 0000             ADD [EAX], AL
0x0000000000090016 0000             ADD [EAX], AL
0x0000000000090018 0000             ADD [EAX], AL
0x000000000009001a 0000             ADD [EAX], AL
0x000000000009001c 0000             ADD [EAX], AL
0x000000000009001e 0000             ADD [EAX], AL
0x0000000000090020 0000             ADD [EAX], AL
0x0000000000090022 0000             ADD [EAX], AL
0x0000000000090024 0000             ADD [EAX], AL
0x0000000000090026 0000             ADD [EAX], AL
0x0000000000090028 0000             ADD [EAX], AL
0x000000000009002a 0000             ADD [EAX], AL
0x000000000009002c 0000             ADD [EAX], AL
0x000000000009002e 0000             ADD [EAX], AL
0x0000000000090030 0000             ADD [EAX], AL
0x0000000000090032 0000             ADD [EAX], AL
0x0000000000090034 0000             ADD [EAX], AL
0x0000000000090036 0000             ADD [EAX], AL
0x0000000000090038 0000             ADD [EAX], AL
0x000000000009003a 0000             ADD [EAX], AL
0x000000000009003c 0000             ADD [EAX], AL
0x000000000009003e 0000             ADD [EAX], AL

Process: OUTLOOK.EXE Pid: 3376 Address: 0x28b0000
Vad Tag: VadS Protection: PAGE_EXECUTE_READWRITE
Flags: CommitCharge: 1, PrivateMemory: 1, Protection: 6

0x00000000028b0000  c2 6f fb b8 ab 53 00 01 ee ff ee ff 00 00 00 00   .o...S..........
0x00000000028b0010  a8 00 8b 02 a8 00 8b 02 00 00 8b 02 00 00 8b 02   ................
0x00000000028b0020  40 00 00 00 88 05 8b 02 00 00 8f 02 3f 00 00 00   @...........?...
0x00000000028b0030  01 00 00 00 00 00 00 00 f0 0f 8b 02 f0 0f 8b 02   ................

0x00000000028b0000 c26ffb           RET 0xfb6f
0x00000000028b0003 b8ab530001       MOV EAX, 0x10053ab
0x00000000028b0008 ee               OUT DX, AL
0x00000000028b0009 ff               DB 0xff
0x00000000028b000a ee               OUT DX, AL
0x00000000028b000b ff00             INC DWORD [EAX]
0x00000000028b000d 0000             ADD [EAX], AL
0x00000000028b000f 00a8008b02a8     ADD [EAX-0x57fd7500], CH
0x00000000028b0015 008b0200008b     ADD [EBX-0x74fffffe], CL
0x00000000028b001b 0200             ADD AL, [EAX]
0x00000000028b001d 008b02400000     ADD [EBX+0x4002], CL
0x00000000028b0023 0088058b0200     ADD [EAX+0x28b05], CL
0x00000000028b0029 008f023f0000     ADD [EDI+0x3f02], CL
0x00000000028b002f 0001             ADD [ECX], AL
0x00000000028b0031 0000             ADD [EAX], AL
0x00000000028b0033 0000             ADD [EAX], AL
0x00000000028b0035 0000             ADD [EAX], AL
0x00000000028b0037 00f0             ADD AL, DH
0x00000000028b0039 0f8b02f00f8b     JNP 0x8d9af041
0x00000000028b003f 02               DB 0x2

Process: EXCEL.EXE Pid: 2092 Address: 0x2aa0000
Vad Tag: VadS Protection: PAGE_EXECUTE_READWRITE
Flags: CommitCharge: 10, MemCommit: 1, PrivateMemory: 1, Protection: 6

0x0000000002aa0000  00 00 00 00 00 00 00 00 00 00 00 00 00 00 00 00   ................
0x0000000002aa0010  00 00 00 00 00 00 00 00 00 00 00 00 00 00 00 00   ................
0x0000000002aa0020  00 00 00 00 00 00 00 00 00 00 00 00 00 00 00 00   ................
0x0000000002aa0030  00 00 00 00 00 00 00 00 56 33 f6 89 70 04 8b 83   ........V3..p...

0x0000000002aa0000 0000             ADD [EAX], AL
0x0000000002aa0002 0000             ADD [EAX], AL
0x0000000002aa0004 0000             ADD [EAX], AL
0x0000000002aa0006 0000             ADD [EAX], AL
0x0000000002aa0008 0000             ADD [EAX], AL
0x0000000002aa000a 0000             ADD [EAX], AL
0x0000000002aa000c 0000             ADD [EAX], AL
0x0000000002aa000e 0000             ADD [EAX], AL
0x0000000002aa0010 0000             ADD [EAX], AL
0x0000000002aa0012 0000             ADD [EAX], AL
0x0000000002aa0014 0000             ADD [EAX], AL
0x0000000002aa0016 0000             ADD [EAX], AL
0x0000000002aa0018 0000             ADD [EAX], AL
0x0000000002aa001a 0000             ADD [EAX], AL
0x0000000002aa001c 0000             ADD [EAX], AL
0x0000000002aa001e 0000             ADD [EAX], AL
0x0000000002aa0020 0000             ADD [EAX], AL
0x0000000002aa0022 0000             ADD [EAX], AL
0x0000000002aa0024 0000             ADD [EAX], AL
0x0000000002aa0026 0000             ADD [EAX], AL
0x0000000002aa0028 0000             ADD [EAX], AL
0x0000000002aa002a 0000             ADD [EAX], AL
0x0000000002aa002c 0000             ADD [EAX], AL
0x0000000002aa002e 0000             ADD [EAX], AL
0x0000000002aa0030 0000             ADD [EAX], AL
0x0000000002aa0032 0000             ADD [EAX], AL
0x0000000002aa0034 0000             ADD [EAX], AL
0x0000000002aa0036 0000             ADD [EAX], AL
0x0000000002aa0038 56               PUSH ESI
0x0000000002aa0039 33f6             XOR ESI, ESI
0x0000000002aa003b 897004           MOV [EAX+0x4], ESI
0x0000000002aa003e 8b               DB 0x8b
0x0000000002aa003f 83               DB 0x83

Process: EXCEL.EXE Pid: 2092 Address: 0x3c20000
Vad Tag: VadS Protection: PAGE_EXECUTE_READWRITE
Flags: CommitCharge: 1, PrivateMemory: 1, Protection: 6

0x0000000003c20000  a5 d8 7c dc 51 e2 00 01 ee ff ee ff 00 00 00 00   ..|.Q...........
0x0000000003c20010  a8 00 c2 03 a8 00 c2 03 00 00 c2 03 00 00 c2 03   ................
0x0000000003c20020  40 00 00 00 88 05 c2 03 00 00 c6 03 3f 00 00 00   @...........?...
0x0000000003c20030  01 00 00 00 00 00 00 00 f0 0f c2 03 f0 0f c2 03   ................

0x0000000003c20000 a5               MOVSD
0x0000000003c20001 d87cdc51         FDIVR DWORD [ESP+EBX*8+0x51]
0x0000000003c20005 e200             LOOP 0x3c20007
0x0000000003c20007 01ee             ADD ESI, EBP
0x0000000003c20009 ff               DB 0xff
0x0000000003c2000a ee               OUT DX, AL
0x0000000003c2000b ff00             INC DWORD [EAX]
0x0000000003c2000d 0000             ADD [EAX], AL
0x0000000003c2000f 00a800c203a8     ADD [EAX-0x57fc3e00], CH
0x0000000003c20015 00c2             ADD DL, AL
0x0000000003c20017 0300             ADD EAX, [EAX]
0x0000000003c20019 00c2             ADD DL, AL
0x0000000003c2001b 0300             ADD EAX, [EAX]
0x0000000003c2001d 00c2             ADD DL, AL
0x0000000003c2001f 034000           ADD EAX, [EAX+0x0]
0x0000000003c20022 0000             ADD [EAX], AL
0x0000000003c20024 8805c2030000     MOV [0x3c2], AL
0x0000000003c2002a c6033f           MOV BYTE [EBX], 0x3f
0x0000000003c2002d 0000             ADD [EAX], AL
0x0000000003c2002f 0001             ADD [ECX], AL
0x0000000003c20031 0000             ADD [EAX], AL
0x0000000003c20033 0000             ADD [EAX], AL
0x0000000003c20035 0000             ADD [EAX], AL
0x0000000003c20037 00f0             ADD AL, DH
0x0000000003c20039 0f               DB 0xf
0x0000000003c2003a c203f0           RET 0xf003
0x0000000003c2003d 0f               DB 0xf
0x0000000003c2003e c2               DB 0xc2
0x0000000003c2003f 03               DB 0x3

Process: EXCEL.EXE Pid: 2092 Address: 0x365b0000
Vad Tag: VadS Protection: PAGE_EXECUTE_READWRITE
Flags: CommitCharge: 16, MemCommit: 1, PrivateMemory: 1, Protection: 6

0x00000000365b0000  64 74 72 52 00 00 00 00 f8 01 5b 36 00 00 00 00   dtrR......[6....
0x00000000365b0010  00 00 00 00 00 00 00 00 00 00 00 00 00 00 00 00   ................
0x00000000365b0020  00 00 00 00 00 00 00 00 00 00 00 00 00 00 00 00   ................
0x00000000365b0030  00 00 00 00 00 00 00 00 00 00 00 00 00 00 00 00   ................

0x00000000365b0000 647472           JZ 0x365b0075
0x00000000365b0003 52               PUSH EDX
0x00000000365b0004 0000             ADD [EAX], AL
0x00000000365b0006 0000             ADD [EAX], AL
0x00000000365b0008 f8               CLC
0x00000000365b0009 015b36           ADD [EBX+0x36], EBX
0x00000000365b000c 0000             ADD [EAX], AL
0x00000000365b000e 0000             ADD [EAX], AL
0x00000000365b0010 0000             ADD [EAX], AL
0x00000000365b0012 0000             ADD [EAX], AL
0x00000000365b0014 0000             ADD [EAX], AL
0x00000000365b0016 0000             ADD [EAX], AL
0x00000000365b0018 0000             ADD [EAX], AL
0x00000000365b001a 0000             ADD [EAX], AL
0x00000000365b001c 0000             ADD [EAX], AL
0x00000000365b001e 0000             ADD [EAX], AL
0x00000000365b0020 0000             ADD [EAX], AL
0x00000000365b0022 0000             ADD [EAX], AL
0x00000000365b0024 0000             ADD [EAX], AL
0x00000000365b0026 0000             ADD [EAX], AL
0x00000000365b0028 0000             ADD [EAX], AL
0x00000000365b002a 0000             ADD [EAX], AL
0x00000000365b002c 0000             ADD [EAX], AL
0x00000000365b002e 0000             ADD [EAX], AL
0x00000000365b0030 0000             ADD [EAX], AL
0x00000000365b0032 0000             ADD [EAX], AL
0x00000000365b0034 0000             ADD [EAX], AL
0x00000000365b0036 0000             ADD [EAX], AL
0x00000000365b0038 0000             ADD [EAX], AL
0x00000000365b003a 0000             ADD [EAX], AL
0x00000000365b003c 0000             ADD [EAX], AL
0x00000000365b003e 0000             ADD [EAX], AL

Process: iexplore.exe Pid: 3208 Address: 0x50000
Vad Tag: VadS Protection: PAGE_EXECUTE_READWRITE
Flags: CommitCharge: 11, MemCommit: 1, PrivateMemory: 1, Protection: 6

0x0000000000050000  4d 5a 90 00 03 00 00 00 04 00 00 00 ff ff 00 00   MZ..............
0x0000000000050010  b8 00 00 00 00 00 00 00 40 00 00 00 00 00 00 00   ........@.......
0x0000000000050020  00 00 00 00 00 00 00 00 00 00 00 00 00 00 00 00   ................
0x0000000000050030  00 00 00 00 00 00 00 00 00 00 00 00 d8 00 00 00   ................

0x0000000000050000 4d               DEC EBP
0x0000000000050001 5a               POP EDX
0x0000000000050002 90               NOP
0x0000000000050003 0003             ADD [EBX], AL
0x0000000000050005 0000             ADD [EAX], AL
0x0000000000050007 000400           ADD [EAX+EAX], AL
0x000000000005000a 0000             ADD [EAX], AL
0x000000000005000c ff               DB 0xff
0x000000000005000d ff00             INC DWORD [EAX]
0x000000000005000f 00b800000000     ADD [EAX+0x0], BH
0x0000000000050015 0000             ADD [EAX], AL
0x0000000000050017 004000           ADD [EAX+0x0], AL
0x000000000005001a 0000             ADD [EAX], AL
0x000000000005001c 0000             ADD [EAX], AL
0x000000000005001e 0000             ADD [EAX], AL
0x0000000000050020 0000             ADD [EAX], AL
0x0000000000050022 0000             ADD [EAX], AL
0x0000000000050024 0000             ADD [EAX], AL
0x0000000000050026 0000             ADD [EAX], AL
0x0000000000050028 0000             ADD [EAX], AL
0x000000000005002a 0000             ADD [EAX], AL
0x000000000005002c 0000             ADD [EAX], AL
0x000000000005002e 0000             ADD [EAX], AL
0x0000000000050030 0000             ADD [EAX], AL
0x0000000000050032 0000             ADD [EAX], AL
0x0000000000050034 0000             ADD [EAX], AL
0x0000000000050036 0000             ADD [EAX], AL
0x0000000000050038 0000             ADD [EAX], AL
0x000000000005003a 0000             ADD [EAX], AL
0x000000000005003c d800             FADD DWORD [EAX]
0x000000000005003e 0000             ADD [EAX], AL

Process: iexplore.exe Pid: 3136 Address: 0x50000
Vad Tag: VadS Protection: PAGE_EXECUTE_READWRITE
Flags: CommitCharge: 11, MemCommit: 1, PrivateMemory: 1, Protection: 6

0x0000000000050000  4d 5a 90 00 03 00 00 00 04 00 00 00 ff ff 00 00   MZ..............
0x0000000000050010  b8 00 00 00 00 00 00 00 40 00 00 00 00 00 00 00   ........@.......
0x0000000000050020  00 00 00 00 00 00 00 00 00 00 00 00 00 00 00 00   ................
0x0000000000050030  00 00 00 00 00 00 00 00 00 00 00 00 d8 00 00 00   ................

0x0000000000050000 4d               DEC EBP
0x0000000000050001 5a               POP EDX
0x0000000000050002 90               NOP
0x0000000000050003 0003             ADD [EBX], AL
0x0000000000050005 0000             ADD [EAX], AL
0x0000000000050007 000400           ADD [EAX+EAX], AL
0x000000000005000a 0000             ADD [EAX], AL
0x000000000005000c ff               DB 0xff
0x000000000005000d ff00             INC DWORD [EAX]
0x000000000005000f 00b800000000     ADD [EAX+0x0], BH
0x0000000000050015 0000             ADD [EAX], AL
0x0000000000050017 004000           ADD [EAX+0x0], AL
0x000000000005001a 0000             ADD [EAX], AL
0x000000000005001c 0000             ADD [EAX], AL
0x000000000005001e 0000             ADD [EAX], AL
0x0000000000050020 0000             ADD [EAX], AL
0x0000000000050022 0000             ADD [EAX], AL
0x0000000000050024 0000             ADD [EAX], AL
0x0000000000050026 0000             ADD [EAX], AL
0x0000000000050028 0000             ADD [EAX], AL
0x000000000005002a 0000             ADD [EAX], AL
0x000000000005002c 0000             ADD [EAX], AL
0x000000000005002e 0000             ADD [EAX], AL
0x0000000000050030 0000             ADD [EAX], AL
0x0000000000050032 0000             ADD [EAX], AL
0x0000000000050034 0000             ADD [EAX], AL
0x0000000000050036 0000             ADD [EAX], AL
0x0000000000050038 0000             ADD [EAX], AL
0x000000000005003a 0000             ADD [EAX], AL
0x000000000005003c d800             FADD DWORD [EAX]
0x000000000005003e 0000             ADD [EAX], AL

