**************************************************
Process: 1064 explorer.exe
Cache type "URL " at 0x40a5000
Record length: 0x100
Location: Visited: Alissa Simpson@file:///C:/Users/Alissa%20Simpson/Documents/Important.rar
Last modified: 2019-12-11 14:37:23 UTC+0000
Last accessed: 2019-12-11 14:37:23 UTC+0000
File Offset: 0x100, Data Offset: 0x0, Data Length: 0xbc
**************************************************
Process: 1064 explorer.exe
Cache type "URL " at 0x40a5100
Record length: 0x100
Location: Visited: Alissa Simpson@file:///C:/Users/Alissa%20Simpson/Downloads/SW1wb3J0YW50.rar
Last modified: 2019-12-11 10:03:48 UTC+0000
Last accessed: 2019-12-11 10:03:48 UTC+0000
File Offset: 0x100, Data Offset: 0x0, Data Length: 0xc0
**************************************************
Process: 1064 explorer.exe
Cache type "URL " at 0x40a5200
Record length: 0x100
Location: Visited: Alissa Simpson@https://notifier.rarlab.com/?language=English&source=RARLAB&landingpage=first&version=580&architecture=64
Last modified: 2019-12-11 10:03:52 UTC+0000
Last accessed: 2019-12-11 10:03:52 UTC+0000
File Offset: 0x100, Data Offset: 0x0, Data Length: 0xec
**************************************************
Process: 1064 explorer.exe
Cache type "URL " at 0x40a5300
Record length: 0x100
Location: Visited: Alissa Simpson@file:///C:/Users/Alissa%20Simpson/stAg3_5.txt
Last modified: 2019-12-11 10:04:00 UTC+0000
Last accessed: 2019-12-11 10:04:00 UTC+0000
File Offset: 0x100, Data Offset: 0x0, Data Length: 0xb0
**************************************************
Process: 1064 explorer.exe
Cache type "URL " at 0x40a5400
Record length: 0x100
Location: Visited: Alissa Simpson@file:///C:/Users/Alissa%20Simpson/Pictures/Password.png
Last modified: 2019-12-14 10:37:41 UTC+0000
Last accessed: 2019-12-14 10:37:41 UTC+0000
File Offset: 0x100, Data Offset: 0x0, Data Length: 0xb8
**************************************************
Process: 1064 explorer.exe
Cache type "URL " at 0x40a5500
Record length: 0x100
Location: Visited: Alissa Simpson@file:///C:/Users/SmartNet/Secrets/Hidden.kdbx
Last modified: 2019-12-13 14:17:05 UTC+0000
Last accessed: 2019-12-13 14:17:05 UTC+0000
File Offset: 0x100, Data Offset: 0x0, Data Length: 0xb0
**************************************************
Process: 1064 explorer.exe
Cache type "URL " at 0x40a5600
Record length: 0x100
Location: Visited: Alissa Simpson@file:///C:/Users/SmartNet/Secrets/Hidden.kdbx
Last modified: 2019-12-14 10:37:56 UTC+0000
Last accessed: 2019-12-14 10:37:56 UTC+0000
File Offset: 0x100, Data Offset: 0x0, Data Length: 0xb0
**************************************************
Process: 1064 explorer.exe
Cache type "URL " at 0x44e5000
Record length: 0x100
Location: :2019121420191215: Alissa Simpson@file:///C:/Users/Alissa%20Simpson/Pictures/Password.png
Last modified: 2019-12-14 16:07:41 UTC+0000
Last accessed: 2019-12-14 10:37:41 UTC+0000
File Offset: 0x100, Data Offset: 0x0, Data Length: 0x0
**************************************************
Process: 1064 explorer.exe
Cache type "URL " at 0x44e5100
Record length: 0x100
Location: :2019121420191215: Alissa Simpson@:Host: Computer
Last modified: 2019-12-14 16:07:41 UTC+0000
Last accessed: 2019-12-14 10:37:41 UTC+0000
File Offset: 0x100, Data Offset: 0x0, Data Length: 0x0
**************************************************
Process: 1064 explorer.exe
Cache type "URL " at 0x44e5200
Record length: 0x100
Location: :2019121420191215: Alissa Simpson@file:///C:/Users/SmartNet/Secrets/Hidden.kdbx
Last modified: 2019-12-14 16:07:56 UTC+0000
Last accessed: 2019-12-14 10:37:56 UTC+0000
File Offset: 0x100, Data Offset: 0x0, Data Length: 0x0
