Offset(V)          Name                    PID   PPID   Thds     Hnds   Sess  Wow64 Start                          Exit                          
------------------ -------------------- ------ ------ ------ -------- ------ ------ ------------------------------ ------------------------------
0xfffffa80012a5040 System                    4      0     78      495 ------      0 2019-08-19 14:40:07 UTC+0000                                 
0xfffffa8002971470 smss.exe                264      4      2       29 ------      0 2019-08-19 14:40:07 UTC+0000                                 
0xfffffa800234cb30 csrss.exe               336    328     10      415      0      0 2019-08-19 14:40:10 UTC+0000                                 
0xfffffa8002aae910 wininit.exe             384    328      3       74      0      0 2019-08-19 14:40:11 UTC+0000                                 
0xfffffa8002ab7060 csrss.exe               396    376      9      499      1      0 2019-08-19 14:40:11 UTC+0000                                 
0xfffffa8002b66560 winlogon.exe            436    376      6      116      1      0 2019-08-19 14:40:11 UTC+0000                                 
0xfffffa8002b99200 services.exe            480    384      9      194      0      0 2019-08-19 14:40:11 UTC+0000                                 
0xfffffa8002bb4600 lsass.exe               496    384      7      513      0      0 2019-08-19 14:40:11 UTC+0000                                 
0xfffffa80022ff910 lsm.exe                 504    384     10      152      0      0 2019-08-19 14:40:11 UTC+0000                                 
0xfffffa8002ce8740 svchost.exe             608    480     10      358      0      0 2019-08-19 14:40:11 UTC+0000                                 
0xfffffa8002d13060 VBoxService.ex          668    480     13      136      0      0 2019-08-19 14:40:11 UTC+0000                                 
0xfffffa8002d4bb30 svchost.exe             724    480      6      257      0      0 2019-08-19 14:40:11 UTC+0000                                 
0xfffffa8002d4fb30 svchost.exe             780    480     19      405      0      0 2019-08-19 14:40:11 UTC+0000                                 
0xfffffa8002dcf5f0 svchost.exe             896    480     22      452      0      0 2019-08-19 14:40:12 UTC+0000                                 
0xfffffa8002de1b30 svchost.exe             948    480     35      893      0      0 2019-08-19 14:40:12 UTC+0000                                 
0xfffffa8002e0b1c0 audiodg.exe            1008    780      7      132      0      0 2019-08-19 14:40:12 UTC+0000                                 
0xfffffa8002e645f0 svchost.exe             400    480     13      275      0      0 2019-08-19 14:40:12 UTC+0000                                 
0xfffffa8002eac740 svchost.exe            1052    480     17      368      0      0 2019-08-19 14:40:12 UTC+0000                                 
0xfffffa8002e76b30 spoolsv.exe            1176    480     14      279      0      0 2019-08-19 14:40:13 UTC+0000                                 
0xfffffa8002f4d780 svchost.exe            1212    480     21      311      0      0 2019-08-19 14:40:13 UTC+0000                                 
0xfffffa8002f79b30 svchost.exe            1308    480     17      253      0      0 2019-08-19 14:40:13 UTC+0000                                 
0xfffffa8003144250 taskhost.exe           1812    480      9      147      1      0 2019-08-19 14:40:18 UTC+0000                                 
0xfffffa8003160120 dwm.exe                1868    896      4       70      1      0 2019-08-19 14:40:18 UTC+0000                                 
0xfffffa8003164b30 taskeng.exe            1876    948      5       81      0      0 2019-08-19 14:40:18 UTC+0000                                 
0xfffffa800319a060 explorer.exe           1944   1844     35      894      1      0 2019-08-19 14:40:19 UTC+0000                                 
0xfffffa8003227060 GoogleCrashHan         1292   1928      7      105      0      1 2019-08-19 14:40:19 UTC+0000                                 
0xfffffa8003219060 GoogleCrashHan          924   1928      6       93      0      0 2019-08-19 14:40:19 UTC+0000                                 
0xfffffa8003277810 VBoxTray.exe           1108   1944     14      139      1      0 2019-08-19 14:40:20 UTC+0000                                 
0xfffffa8002324b30 cmd.exe                 880   1944      1       21      1      0 2019-08-19 14:40:26 UTC+0000                                 
0xfffffa800231e370 conhost.exe             916    396      3       50      1      0 2019-08-19 14:40:26 UTC+0000                                 
0xfffffa8003315060 SearchIndexer.          856    480     13      689      0      0 2019-08-19 14:40:27 UTC+0000                                 
0xfffffa800234eb30 chrome.exe             2124   1944     27      662      1      0 2019-08-19 14:40:46 UTC+0000                                 
0xfffffa800234f780 chrome.exe             2132   2124      9       75      1      0 2019-08-19 14:40:46 UTC+0000                                 
0xfffffa800314fab0 chrome.exe             2168   2124      3       55      1      0 2019-08-19 14:40:49 UTC+0000                                 
0xfffffa80032d9060 WmiPrvSE.exe           2292    608     13      288      0      0 2019-08-19 14:40:52 UTC+0000                                 
0xfffffa80032f9a70 chrome.exe             2340   2124     12      282      1      0 2019-08-19 14:40:52 UTC+0000                                 
0xfffffa8003741b30 chrome.exe             2440   2124     13      263      1      0 2019-08-19 14:40:54 UTC+0000                                 
0xfffffa800374bb30 chrome.exe             2452   2124     14      167      1      0 2019-08-19 14:40:54 UTC+0000                                 
0xfffffa8002b74060 WmiApSrv.exe           2800    480      6      115      0      0 2019-08-19 14:40:57 UTC+0000                                 
0xfffffa8002d9eab0 WmiPrvSE.exe           2896    608      7      124      0      0 2019-08-19 14:40:57 UTC+0000                                 
0xfffffa80032d4380 chrome.exe             2940   2124      9      172      1      0 2019-08-19 14:41:06 UTC+0000                                 
0xfffffa8003905b30 firefox.exe            2080   3060     59      970      1      1 2019-08-19 14:41:08 UTC+0000                                 
0xfffffa80021fa630 firefox.exe            2860   2080     11      210      1      1 2019-08-19 14:41:09 UTC+0000                                 
0xfffffa80013a4580 firefox.exe            3016   2080     31      413      1      1 2019-08-19 14:41:10 UTC+0000                                 
0xfffffa8001415b30 firefox.exe            2968   2080     22      323      1      1 2019-08-19 14:41:11 UTC+0000                                 
0xfffffa8001454b30 firefox.exe            3316   2080     21      307      1      1 2019-08-19 14:41:13 UTC+0000                                 
0xfffffa80035e71e0 WinRAR.exe             3716   1944      7      201      1      0 2019-08-19 14:41:43 UTC+0000                                 
0xfffffa800156e400 DumpIt.exe             4084   1944      5       46      1      1 2019-08-19 14:41:55 UTC+0000                                 
0xfffffa80014c1060 conhost.exe            4092    396      2       50      1      0 2019-08-19 14:41:55 UTC+0000                                 
0xfffffa80014aa060 sppsvc.exe             1224    480      5        0 ------      0 2019-08-19 14:42:39 UTC+0000                                 
0xfffffa800157eb30 GoogleUpdate.e         2256   2396      3      118 ------      1 2019-08-19 14:42:40 UTC+0000                                 
0xfffffa80014f9060 GoogleCrashHan         1192   2256      3       46 ------      1 2019-08-19 14:42:41 UTC+0000                                 
0xfffffa80035e3700 GoogleCrashHan          864   2256      1 127...45      0      0 2019-08-19 14:42:41 UTC+0000                                 
