************************************************************************
System pid:      4
************************************************************************
smss.exe pid:    260
Command line : \SystemRoot\System32\smss.exe
************************************************************************
csrss.exe pid:    340
Command line : %SystemRoot%\system32\csrss.exe ObjectDirectory=\Windows SharedSection=1024,12288,512 Windows=On SubSystemType=Windows ServerDll=basesrv,1 ServerDll=winsrv:UserServerDllInitialization,3 ServerDll=winsrv:ConServerDllInitialization,2 ServerDll=sxssrv,4 ProfileControl=Off MaxRequestThreads=16
************************************************************************
csrss.exe pid:    380
Command line : %SystemRoot%\system32\csrss.exe ObjectDirectory=\Windows SharedSection=1024,12288,512 Windows=On SubSystemType=Windows ServerDll=basesrv,1 ServerDll=winsrv:UserServerDllInitialization,3 ServerDll=winsrv:ConServerDllInitialization,2 ServerDll=sxssrv,4 ProfileControl=Off MaxRequestThreads=16
************************************************************************
wininit.exe pid:    388
Command line : wininit.exe
************************************************************************
winlogon.exe pid:    424
Command line : winlogon.exe
************************************************************************
services.exe pid:    484
Command line : C:\Windows\system32\services.exe
************************************************************************
lsass.exe pid:    492
Command line : C:\Windows\system32\lsass.exe
************************************************************************
lsm.exe pid:    500
Command line : C:\Windows\system32\lsm.exe
************************************************************************
svchost.exe pid:    592
Command line : C:\Windows\system32\svchost.exe -k DcomLaunch
************************************************************************
VBoxService.ex pid:    652
Command line : C:\Windows\System32\VBoxService.exe
************************************************************************
svchost.exe pid:    716
Command line : C:\Windows\system32\svchost.exe -k RPCSS
************************************************************************
svchost.exe pid:    804
Command line : C:\Windows\System32\svchost.exe -k LocalServiceNetworkRestricted
************************************************************************
svchost.exe pid:    848
Command line : C:\Windows\System32\svchost.exe -k LocalSystemNetworkRestricted
************************************************************************
svchost.exe pid:    872
Command line : C:\Windows\system32\svchost.exe -k LocalService
************************************************************************
svchost.exe pid:    896
Command line : C:\Windows\system32\svchost.exe -k netsvcs
************************************************************************
audiodg.exe pid:    988
Command line : C:\Windows\system32\AUDIODG.EXE 0x2ac
************************************************************************
svchost.exe pid:   1192
Command line : C:\Windows\system32\svchost.exe -k NetworkService
************************************************************************
spoolsv.exe pid:   1336
Command line : C:\Windows\System32\spoolsv.exe
************************************************************************
svchost.exe pid:   1364
Command line : C:\Windows\system32\svchost.exe -k LocalServiceNoNetwork
************************************************************************
svchost.exe pid:   1460
Command line : C:\Windows\System32\svchost.exe -k utcsvc
************************************************************************
svchost.exe pid:   1488
Command line : C:\Windows\system32\svchost.exe -k LocalServiceAndNoImpersonation
************************************************************************
taskhost.exe pid:    308
Command line : "taskhost.exe"
************************************************************************
sppsvc.exe pid:   1164
Command line : C:\Windows\system32\sppsvc.exe
************************************************************************
dwm.exe pid:   1992
Command line : "C:\Windows\system32\Dwm.exe"
************************************************************************
explorer.exe pid:    324
Command line : C:\Windows\Explorer.EXE
************************************************************************
VBoxTray.exe pid:   1000
Command line : "C:\Windows\System32\VBoxTray.exe" 
************************************************************************
SearchIndexer. pid:   2032
Command line : C:\Windows\system32\SearchIndexer.exe /Embedding
************************************************************************
SearchProtocol pid:    284
Command line : "C:\Windows\system32\SearchProtocolHost.exe" Global\UsGthrFltPipeMssGthrPipe1_ Global\UsGthrCtrlFltPipeMssGthrPipe1 1 -2147483646 "Software\Microsoft\Windows Search" "Mozilla/4.0 (compatible; MSIE 6.0; Windows NT; MS Search 4.0 Robot)" "C:\ProgramData\Microsoft\Search\Data\Temp\usgthrsvc" "DownLevelDaemon" 
************************************************************************
SearchFilterHo pid:   1292
Command line : "C:\Windows\system32\SearchFilterHost.exe" 0 520 524 532 65536 528 
************************************************************************
cmd.exe pid:   2096
Command line : "C:\Windows\system32\cmd.exe" 
************************************************************************
conhost.exe pid:   2104
Command line : \??\C:\Windows\system32\conhost.exe "9597847671419376088700206021-7055470871162148935-704730587-1400429052-1906668177
************************************************************************
DumpIt.exe pid:   2412
Command line : "C:\Users\hello\Desktop\DumpIt\DumpIt.exe" 
************************************************************************
conhost.exe pid:   2424
Command line : \??\C:\Windows\system32\conhost.exe "499080522-1749980471992366858-146566314551631531-193375578852495345-1447858489
